<?xml version="1.0" encoding="UTF-8"?>
<coverage generated="1695836771857" clover="3.2.0">
  <project timestamp="1695836771857" name="All files">
    <metrics statements="12" coveredstatements="6" conditionals="4" coveredconditionals="1" methods="5" coveredmethods="2" elements="21" coveredelements="9" complexity="0" loc="12" ncloc="12" packages="2" files="2" classes="2"/>
    <package name="components.Modal">
      <metrics statements="5" coveredstatements="0" conditionals="2" coveredconditionals="0" methods="3" coveredmethods="0"/>
      <file name="Modal.jsx" path="C:\Users\Janio\SAP010-notes\notes\src\pages\components\Modal\Modal.jsx">
        <metrics statements="5" coveredstatements="0" conditionals="2" coveredconditionals="0" methods="3" coveredmethods="0"/>
        <line num="4" count="0" type="stmt"/>
        <line num="7" count="0" type="stmt"/>
        <line num="11" count="0" type="stmt"/>
        <line num="12" count="0" type="stmt"/>
        <line num="15" count="0" type="stmt"/>
      </file>
    </package>
    <package name="login">
      <metrics statements="7" coveredstatements="6" conditionals="2" coveredconditionals="1" methods="2" coveredmethods="2"/>
      <file name="Login.jsx" path="C:\Users\Janio\SAP010-notes\notes\src\pages\login\Login.jsx">
        <metrics statements="7" coveredstatements="6" conditionals="2" coveredconditionals="1" methods="2" coveredmethods="2"/>
        <line num="7" count="2" type="stmt"/>
        <line num="9" count="2" type="stmt"/>
        <line num="10" count="1" type="stmt"/>
        <line num="11" count="1" type="stmt"/>
        <line num="14" count="2" type="cond" truecount="1" falsecount="1"/>
        <line num="15" count="2" type="stmt"/>
        <line num="35" count="0" type="stmt"/>
      </file>
    </package>
  </project>
</coverage>
