{"C:\\Users\\Janio\\SAP010-notes\\notes\\src\\pages\\login\\Login.jsx": {"path":"C:\\Users\\Janio\\SAP010-notes\\notes\\src\\pages\\login\\Login.jsx","statementMap":{"0":{"start":{"line":7,"column":41},"end":{"line":7,"column":70}},"1":{"start":{"line":9,"column":24},"end":{"line":12,"column":5}},"2":{"start":{"line":10,"column":8},"end":{"line":10,"column":27}},"3":{"start":{"line":11,"column":8},"end":{"line":11,"column":33}},"4":{"start":{"line":14,"column":4},"end":{"line":34,"column":5}},"5":{"start":{"line":15,"column":8},"end":{"line":33,"column":10}},"6":{"start":{"line":35,"column":8},"end":{"line":35,"column":39}}},"fnMap":{"0":{"name":"LoginPage","decl":{"start":{"line":6,"column":24},"end":{"line":6,"column":33}},"loc":{"start":{"line":6,"column":36},"end":{"line":36,"column":1}},"line":6},"1":{"name":"(anonymous_1)","decl":{"start":{"line":9,"column":24},"end":{"line":9,"column":25}},"loc":{"start":{"line":9,"column":37},"end":{"line":12,"column":5}},"line":9}},"branchMap":{"0":{"loc":{"start":{"line":14,"column":4},"end":{"line":34,"column":5}},"type":"if","locations":[{"start":{"line":14,"column":4},"end":{"line":34,"column":5}},{"start":{},"end":{}}],"line":14}},"s":{"0":3,"1":3,"2":1,"3":1,"4":3,"5":2,"6":1},"f":{"0":3,"1":1},"b":{"0":[2,1]},"_coverageSchema":"1a1c01bbd47fc00a2c39e90264f33305004495a9","hash":"2890ce329425f26941c0fc9acab92cb8d97d0bab"}
,"C:\\Users\\Janio\\SAP010-notes\\notes\\src\\pages\\routes\\routes.jsx": {"path":"C:\\Users\\Janio\\SAP010-notes\\notes\\src\\pages\\routes\\routes.jsx","statementMap":{"0":{"start":{"line":9,"column":23},"end":{"line":9,"column":52}},"1":{"start":{"line":10,"column":4},"end":{"line":10,"column":51}},"2":{"start":{"line":14,"column":4},"end":{"line":36,"column":6}}},"fnMap":{"0":{"name":"PrivateRoute","decl":{"start":{"line":8,"column":9},"end":{"line":8,"column":21}},"loc":{"start":{"line":8,"column":36},"end":{"line":11,"column":1}},"line":8},"1":{"name":"AppRoutes","decl":{"start":{"line":13,"column":24},"end":{"line":13,"column":33}},"loc":{"start":{"line":13,"column":36},"end":{"line":37,"column":1}},"line":13}},"branchMap":{"0":{"loc":{"start":{"line":10,"column":11},"end":{"line":10,"column":50}},"type":"cond-expr","locations":[{"start":{"line":10,"column":20},"end":{"line":10,"column":28}},{"start":{"line":10,"column":31},"end":{"line":10,"column":50}}],"line":10}},"s":{"0":0,"1":0,"2":0},"f":{"0":0,"1":0},"b":{"0":[0,0]}}
}
