{"/home/icarito/Proyectos/L/amanda_araujo/SAP010-notes/notes/src/App.jsx": {"path":"/home/icarito/Proyectos/L/amanda_araujo/SAP010-notes/notes/src/App.jsx","statementMap":{"0":{"start":{"line":5,"column":4},"end":{"line":9,"column":5}}},"fnMap":{"0":{"name":"App","decl":{"start":{"line":4,"column":24},"end":{"line":4,"column":27}},"loc":{"start":{"line":4,"column":30},"end":{"line":10,"column":1}},"line":4}},"branchMap":{},"s":{"0":0},"f":{"0":0},"b":{}}
,"/home/icarito/Proyectos/L/amanda_araujo/SAP010-notes/notes/src/main.jsx": {"path":"/home/icarito/Proyectos/L/amanda_araujo/SAP010-notes/notes/src/main.jsx","statementMap":{"0":{"start":{"line":6,"column":0},"end":{"line":10,"column":1}}},"fnMap":{},"branchMap":{},"s":{"0":0},"f":{},"b":{}}
,"/home/icarito/Proyectos/L/amanda_araujo/SAP010-notes/notes/src/lib/firebase-config.js": {"path":"/home/icarito/Proyectos/L/amanda_araujo/SAP010-notes/notes/src/lib/firebase-config.js","statementMap":{"0":{"start":{"line":5,"column":23},"end":{"line":13,"column":1}},"1":{"start":{"line":15,"column":12},"end":{"line":15,"column":41}},"2":{"start":{"line":16,"column":13},"end":{"line":16,"column":25}},"3":{"start":{"line":17,"column":11},"end":{"line":17,"column":28}}},"fnMap":{},"branchMap":{},"s":{"0":1,"1":1,"2":1,"3":1},"f":{},"b":{},"_coverageSchema":"1a1c01bbd47fc00a2c39e90264f33305004495a9","hash":"2cda0d847c2f9a706c68dc04b3f7b831c40ccc14"}
,"/home/icarito/Proyectos/L/amanda_araujo/SAP010-notes/notes/src/pages/components/Modal/Modal.jsx": {"path":"/home/icarito/Proyectos/L/amanda_araujo/SAP010-notes/notes/src/pages/components/Modal/Modal.jsx","statementMap":{"0":{"start":{"line":16,"column":38},"end":{"line":16,"column":53}},"1":{"start":{"line":17,"column":42},"end":{"line":17,"column":57}},"2":{"start":{"line":18,"column":46},"end":{"line":18,"column":67}},"3":{"start":{"line":21,"column":23},"end":{"line":21,"column":47}},"4":{"start":{"line":22,"column":8},"end":{"line":26,"column":11}},"5":{"start":{"line":27,"column":8},"end":{"line":27,"column":26}},"6":{"start":{"line":31,"column":8},"end":{"line":31,"column":23}},"7":{"start":{"line":32,"column":8},"end":{"line":32,"column":16}},"8":{"start":{"line":35,"column":4},"end":{"line":80,"column":6}},"9":{"start":{"line":41,"column":47},"end":{"line":41,"column":66}},"10":{"start":{"line":43,"column":32},"end":{"line":43,"column":76}},"11":{"start":{"line":48,"column":32},"end":{"line":48,"column":62}},"12":{"start":{"line":52,"column":32},"end":{"line":52,"column":64}},"13":{"start":{"line":69,"column":47},"end":{"line":69,"column":65}}},"fnMap":{"0":{"name":"Modal","decl":{"start":{"line":8,"column":16},"end":{"line":8,"column":21}},"loc":{"start":{"line":15,"column":3},"end":{"line":81,"column":1}},"line":15},"1":{"name":"editNote","decl":{"start":{"line":20,"column":19},"end":{"line":20,"column":27}},"loc":{"start":{"line":20,"column":58},"end":{"line":28,"column":5}},"line":20},"2":{"name":"handleClickDelete","decl":{"start":{"line":30,"column":13},"end":{"line":30,"column":30}},"loc":{"start":{"line":30,"column":33},"end":{"line":33,"column":5}},"line":30},"3":{"name":"(anonymous_3)","decl":{"start":{"line":41,"column":41},"end":{"line":41,"column":42}},"loc":{"start":{"line":41,"column":47},"end":{"line":41,"column":66}},"line":41},"4":{"name":"(anonymous_4)","decl":{"start":{"line":42,"column":43},"end":{"line":42,"column":44}},"loc":{"start":{"line":43,"column":32},"end":{"line":43,"column":76}},"line":43},"5":{"name":"(anonymous_5)","decl":{"start":{"line":47,"column":43},"end":{"line":47,"column":44}},"loc":{"start":{"line":48,"column":32},"end":{"line":48,"column":62}},"line":48},"6":{"name":"(anonymous_6)","decl":{"start":{"line":51,"column":42},"end":{"line":51,"column":43}},"loc":{"start":{"line":52,"column":32},"end":{"line":52,"column":64}},"line":52},"7":{"name":"(anonymous_7)","decl":{"start":{"line":69,"column":41},"end":{"line":69,"column":42}},"loc":{"start":{"line":69,"column":47},"end":{"line":69,"column":65}},"line":69}},"branchMap":{"0":{"loc":{"start":{"line":38,"column":17},"end":{"line":77,"column":17}},"type":"cond-expr","locations":[{"start":{"line":39,"column":20},"end":{"line":56,"column":23}},{"start":{"line":58,"column":20},"end":{"line":76,"column":23}}],"line":38}},"s":{"0":0,"1":0,"2":0,"3":0,"4":0,"5":0,"6":0,"7":0,"8":0,"9":0,"10":0,"11":0,"12":0,"13":0},"f":{"0":0,"1":0,"2":0,"3":0,"4":0,"5":0,"6":0,"7":0},"b":{"0":[0,0]}}
,"/home/icarito/Proyectos/L/amanda_araujo/SAP010-notes/notes/src/pages/components/Navbar/Navbar.jsx": {"path":"/home/icarito/Proyectos/L/amanda_araujo/SAP010-notes/notes/src/pages/components/Navbar/Navbar.jsx","statementMap":{"0":{"start":{"line":5,"column":4},"end":{"line":19,"column":5}}},"fnMap":{"0":{"name":"Navbar","decl":{"start":{"line":3,"column":16},"end":{"line":3,"column":22}},"loc":{"start":{"line":3,"column":55},"end":{"line":20,"column":1}},"line":3}},"branchMap":{},"s":{"0":2},"f":{"0":2},"b":{},"_coverageSchema":"1a1c01bbd47fc00a2c39e90264f33305004495a9","hash":"a37fd6071184725de8ef13a2203c6944eeec123c"}
,"/home/icarito/Proyectos/L/amanda_araujo/SAP010-notes/notes/src/pages/components/Note/Note.jsx": {"path":"/home/icarito/Proyectos/L/amanda_araujo/SAP010-notes/notes/src/pages/components/Note/Note.jsx","statementMap":{"0":{"start":{"line":4,"column":4},"end":{"line":10,"column":6}}},"fnMap":{"0":{"name":"Note","decl":{"start":{"line":3,"column":24},"end":{"line":3,"column":28}},"loc":{"start":{"line":3,"column":76},"end":{"line":11,"column":1}},"line":3}},"branchMap":{},"s":{"0":0},"f":{"0":0},"b":{}}
,"/home/icarito/Proyectos/L/amanda_araujo/SAP010-notes/notes/src/pages/components/TextBox/TextBox.jsx": {"path":"/home/icarito/Proyectos/L/amanda_araujo/SAP010-notes/notes/src/pages/components/TextBox/TextBox.jsx","statementMap":{"0":{"start":{"line":9,"column":4},"end":{"line":25,"column":6}}},"fnMap":{"0":{"name":"TextBox","decl":{"start":{"line":3,"column":16},"end":{"line":3,"column":23}},"loc":{"start":{"line":8,"column":3},"end":{"line":26,"column":1}},"line":8}},"branchMap":{},"s":{"0":2},"f":{"0":2},"b":{},"_coverageSchema":"1a1c01bbd47fc00a2c39e90264f33305004495a9","hash":"a0d1e35bef2ec83f1384dec33205f2bcce0ec573"}
,"/home/icarito/Proyectos/L/amanda_araujo/SAP010-notes/notes/src/pages/home/Home.jsx": {"path":"/home/icarito/Proyectos/L/amanda_araujo/SAP010-notes/notes/src/pages/home/Home.jsx","statementMap":{"0":{"start":{"line":17,"column":30},"end":{"line":17,"column":59}},"1":{"start":{"line":18,"column":30},"end":{"line":18,"column":42}},"2":{"start":{"line":19,"column":42},"end":{"line":19,"column":57}},"3":{"start":{"line":20,"column":44},"end":{"line":20,"column":56}},"4":{"start":{"line":21,"column":21},"end":{"line":21,"column":34}},"5":{"start":{"line":22,"column":23},"end":{"line":22,"column":53}},"6":{"start":{"line":24,"column":4},"end":{"line":48,"column":11}},"7":{"start":{"line":25,"column":28},"end":{"line":47,"column":10}},"8":{"start":{"line":26,"column":12},"end":{"line":26,"column":26}},"9":{"start":{"line":27,"column":12},"end":{"line":46,"column":13}},"10":{"start":{"line":28,"column":26},"end":{"line":31,"column":17}},"11":{"start":{"line":32,"column":38},"end":{"line":32,"column":54}},"12":{"start":{"line":33,"column":16},"end":{"line":35,"column":17}},"13":{"start":{"line":34,"column":20},"end":{"line":34,"column":56}},"14":{"start":{"line":36,"column":34},"end":{"line":39,"column":18}},"15":{"start":{"line":37,"column":33},"end":{"line":37,"column":43}},"16":{"start":{"line":38,"column":20},"end":{"line":38,"column":78}},"17":{"start":{"line":41,"column":16},"end":{"line":41,"column":39}},"18":{"start":{"line":43,"column":16},"end":{"line":43,"column":36}},"19":{"start":{"line":45,"column":16},"end":{"line":45,"column":50}},"20":{"start":{"line":51,"column":8},"end":{"line":51,"column":50}},"21":{"start":{"line":52,"column":25},"end":{"line":52,"column":61}},"22":{"start":{"line":52,"column":45},"end":{"line":52,"column":60}},"23":{"start":{"line":53,"column":8},"end":{"line":53,"column":27}},"24":{"start":{"line":57,"column":8},"end":{"line":57,"column":34}},"25":{"start":{"line":57,"column":24},"end":{"line":57,"column":34}},"26":{"start":{"line":58,"column":21},"end":{"line":58,"column":39}},"27":{"start":{"line":59,"column":30},"end":{"line":61,"column":10}},"28":{"start":{"line":62,"column":30},"end":{"line":64,"column":10}},"29":{"start":{"line":66,"column":8},"end":{"line":66,"column":51}},"30":{"start":{"line":69,"column":4},"end":{"line":108,"column":6}},"31":{"start":{"line":75,"column":35},"end":{"line":75,"column":44}},"32":{"start":{"line":80,"column":20},"end":{"line":89,"column":22}},"33":{"start":{"line":86,"column":28},"end":{"line":86,"column":49}},"34":{"start":{"line":87,"column":28},"end":{"line":87,"column":50}},"35":{"start":{"line":96,"column":33},"end":{"line":96,"column":54}},"36":{"start":{"line":97,"column":40},"end":{"line":97,"column":67}},"37":{"start":{"line":105,"column":31},"end":{"line":105,"column":52}}},"fnMap":{"0":{"name":"HomePage","decl":{"start":{"line":16,"column":24},"end":{"line":16,"column":32}},"loc":{"start":{"line":16,"column":35},"end":{"line":109,"column":1}},"line":16},"1":{"name":"(anonymous_1)","decl":{"start":{"line":24,"column":14},"end":{"line":24,"column":15}},"loc":{"start":{"line":24,"column":20},"end":{"line":48,"column":5}},"line":24},"2":{"name":"(anonymous_2)","decl":{"start":{"line":25,"column":52},"end":{"line":25,"column":53}},"loc":{"start":{"line":25,"column":71},"end":{"line":47,"column":9}},"line":25},"3":{"name":"(anonymous_3)","decl":{"start":{"line":36,"column":57},"end":{"line":36,"column":58}},"loc":{"start":{"line":36,"column":66},"end":{"line":39,"column":17}},"line":36},"4":{"name":"deleteNote","decl":{"start":{"line":50,"column":19},"end":{"line":50,"column":29}},"loc":{"start":{"line":50,"column":38},"end":{"line":54,"column":5}},"line":50},"5":{"name":"(anonymous_5)","decl":{"start":{"line":52,"column":38},"end":{"line":52,"column":39}},"loc":{"start":{"line":52,"column":45},"end":{"line":52,"column":60}},"line":52},"6":{"name":"formatTimestamp","decl":{"start":{"line":56,"column":13},"end":{"line":56,"column":28}},"loc":{"start":{"line":56,"column":40},"end":{"line":67,"column":5}},"line":56},"7":{"name":"(anonymous_7)","decl":{"start":{"line":75,"column":29},"end":{"line":75,"column":30}},"loc":{"start":{"line":75,"column":35},"end":{"line":75,"column":44}},"line":75},"8":{"name":"(anonymous_8)","decl":{"start":{"line":79,"column":27},"end":{"line":79,"column":28}},"loc":{"start":{"line":80,"column":20},"end":{"line":89,"column":22}},"line":80},"9":{"name":"(anonymous_9)","decl":{"start":{"line":85,"column":40},"end":{"line":85,"column":41}},"loc":{"start":{"line":85,"column":46},"end":{"line":88,"column":25}},"line":85},"10":{"name":"(anonymous_10)","decl":{"start":{"line":96,"column":27},"end":{"line":96,"column":28}},"loc":{"start":{"line":96,"column":33},"end":{"line":96,"column":54}},"line":96},"11":{"name":"(anonymous_11)","decl":{"start":{"line":97,"column":34},"end":{"line":97,"column":35}},"loc":{"start":{"line":97,"column":40},"end":{"line":97,"column":67}},"line":97},"12":{"name":"(anonymous_12)","decl":{"start":{"line":105,"column":25},"end":{"line":105,"column":26}},"loc":{"start":{"line":105,"column":31},"end":{"line":105,"column":52}},"line":105}},"branchMap":{"0":{"loc":{"start":{"line":22,"column":23},"end":{"line":22,"column":53}},"type":"cond-expr","locations":[{"start":{"line":22,"column":30},"end":{"line":22,"column":46}},{"start":{"line":22,"column":49},"end":{"line":22,"column":53}}],"line":22},"1":{"loc":{"start":{"line":27,"column":12},"end":{"line":46,"column":13}},"type":"if","locations":[{"start":{"line":27,"column":12},"end":{"line":46,"column":13}},{"start":{"line":44,"column":19},"end":{"line":46,"column":13}}],"line":27},"2":{"loc":{"start":{"line":33,"column":16},"end":{"line":35,"column":17}},"type":"if","locations":[{"start":{"line":33,"column":16},"end":{"line":35,"column":17}},{"start":{},"end":{}}],"line":33},"3":{"loc":{"start":{"line":57,"column":8},"end":{"line":57,"column":34}},"type":"if","locations":[{"start":{"line":57,"column":8},"end":{"line":57,"column":34}},{"start":{},"end":{}}],"line":57},"4":{"loc":{"start":{"line":72,"column":43},"end":{"line":72,"column":76}},"type":"binary-expr","locations":[{"start":{"line":72,"column":43},"end":{"line":72,"column":66}},{"start":{"line":72,"column":70},"end":{"line":72,"column":76}}],"line":72},"5":{"loc":{"start":{"line":92,"column":13},"end":{"line":101,"column":13}},"type":"binary-expr","locations":[{"start":{"line":92,"column":13},"end":{"line":92,"column":24}},{"start":{"line":93,"column":16},"end":{"line":100,"column":18}}],"line":92}},"s":{"0":0,"1":0,"2":0,"3":0,"4":0,"5":0,"6":0,"7":0,"8":0,"9":0,"10":0,"11":0,"12":0,"13":0,"14":0,"15":0,"16":0,"17":0,"18":0,"19":0,"20":0,"21":0,"22":0,"23":0,"24":0,"25":0,"26":0,"27":0,"28":0,"29":0,"30":0,"31":0,"32":0,"33":0,"34":0,"35":0,"36":0,"37":0},"f":{"0":0,"1":0,"2":0,"3":0,"4":0,"5":0,"6":0,"7":0,"8":0,"9":0,"10":0,"11":0,"12":0},"b":{"0":[0,0],"1":[0,0],"2":[0,0],"3":[0,0],"4":[0,0],"5":[0,0]}}
,"/home/icarito/Proyectos/L/amanda_araujo/SAP010-notes/notes/src/pages/login/Login.jsx": {"path":"/home/icarito/Proyectos/L/amanda_araujo/SAP010-notes/notes/src/pages/login/Login.jsx","statementMap":{"0":{"start":{"line":7,"column":41},"end":{"line":7,"column":70}},"1":{"start":{"line":9,"column":24},"end":{"line":12,"column":5}},"2":{"start":{"line":10,"column":8},"end":{"line":10,"column":27}},"3":{"start":{"line":11,"column":8},"end":{"line":11,"column":33}},"4":{"start":{"line":14,"column":4},"end":{"line":34,"column":5}},"5":{"start":{"line":15,"column":8},"end":{"line":33,"column":10}},"6":{"start":{"line":35,"column":8},"end":{"line":35,"column":39}}},"fnMap":{"0":{"name":"LoginPage","decl":{"start":{"line":6,"column":24},"end":{"line":6,"column":33}},"loc":{"start":{"line":6,"column":36},"end":{"line":36,"column":1}},"line":6},"1":{"name":"(anonymous_1)","decl":{"start":{"line":9,"column":24},"end":{"line":9,"column":25}},"loc":{"start":{"line":9,"column":37},"end":{"line":12,"column":5}},"line":9}},"branchMap":{"0":{"loc":{"start":{"line":14,"column":4},"end":{"line":34,"column":5}},"type":"if","locations":[{"start":{"line":14,"column":4},"end":{"line":34,"column":5}},{"start":{},"end":{}}],"line":14}},"s":{"0":0,"1":0,"2":0,"3":0,"4":0,"5":0,"6":0},"f":{"0":0,"1":0},"b":{"0":[0,0]}}
,"/home/icarito/Proyectos/L/amanda_araujo/SAP010-notes/notes/src/pages/notemaker/New-note.jsx": {"path":"/home/icarito/Proyectos/L/amanda_araujo/SAP010-notes/notes/src/pages/notemaker/New-note.jsx","statementMap":{"0":{"start":{"line":9,"column":28},"end":{"line":9,"column":40}},"1":{"start":{"line":10,"column":40},"end":{"line":10,"column":52}},"2":{"start":{"line":11,"column":38},"end":{"line":11,"column":50}},"3":{"start":{"line":12,"column":34},"end":{"line":12,"column":46}},"4":{"start":{"line":13,"column":21},"end":{"line":13,"column":34}},"5":{"start":{"line":15,"column":4},"end":{"line":18,"column":32}},"6":{"start":{"line":16,"column":8},"end":{"line":16,"column":29}},"7":{"start":{"line":17,"column":8},"end":{"line":17,"column":30}},"8":{"start":{"line":21,"column":8},"end":{"line":21,"column":39}},"9":{"start":{"line":22,"column":27},"end":{"line":27,"column":14}},"10":{"start":{"line":28,"column":12},"end":{"line":28,"column":26}},"11":{"start":{"line":32,"column":8},"end":{"line":32,"column":51}},"12":{"start":{"line":33,"column":24},"end":{"line":33,"column":70}},"13":{"start":{"line":34,"column":12},"end":{"line":34,"column":73}},"14":{"start":{"line":35,"column":12},"end":{"line":35,"column":51}},"15":{"start":{"line":36,"column":12},"end":{"line":36,"column":30}},"16":{"start":{"line":39,"column":4},"end":{"line":50,"column":6}},"17":{"start":{"line":42,"column":35},"end":{"line":42,"column":52}},"18":{"start":{"line":46,"column":38},"end":{"line":46,"column":67}},"19":{"start":{"line":47,"column":37},"end":{"line":47,"column":65}}},"fnMap":{"0":{"name":"NoteMaker","decl":{"start":{"line":8,"column":24},"end":{"line":8,"column":33}},"loc":{"start":{"line":8,"column":36},"end":{"line":51,"column":1}},"line":8},"1":{"name":"(anonymous_1)","decl":{"start":{"line":15,"column":14},"end":{"line":15,"column":15}},"loc":{"start":{"line":15,"column":20},"end":{"line":18,"column":5}},"line":15},"2":{"name":"addNote","decl":{"start":{"line":20,"column":19},"end":{"line":20,"column":26}},"loc":{"start":{"line":20,"column":50},"end":{"line":29,"column":5}},"line":20},"3":{"name":"handleSaveNoteClick","decl":{"start":{"line":31,"column":19},"end":{"line":31,"column":38}},"loc":{"start":{"line":31,"column":41},"end":{"line":37,"column":5}},"line":31},"4":{"name":"(anonymous_4)","decl":{"start":{"line":42,"column":29},"end":{"line":42,"column":30}},"loc":{"start":{"line":42,"column":35},"end":{"line":42,"column":52}},"line":42},"5":{"name":"(anonymous_5)","decl":{"start":{"line":46,"column":31},"end":{"line":46,"column":32}},"loc":{"start":{"line":46,"column":38},"end":{"line":46,"column":67}},"line":46},"6":{"name":"(anonymous_6)","decl":{"start":{"line":47,"column":30},"end":{"line":47,"column":31}},"loc":{"start":{"line":47,"column":37},"end":{"line":47,"column":65}},"line":47}},"branchMap":{"0":{"loc":{"start":{"line":33,"column":24},"end":{"line":33,"column":70}},"type":"cond-expr","locations":[{"start":{"line":33,"column":43},"end":{"line":33,"column":63}},{"start":{"line":33,"column":66},"end":{"line":33,"column":70}}],"line":33},"1":{"loc":{"start":{"line":34,"column":20},"end":{"line":34,"column":72}},"type":"cond-expr","locations":[{"start":{"line":34,"column":47},"end":{"line":34,"column":59}},{"start":{"line":34,"column":62},"end":{"line":34,"column":72}}],"line":34}},"s":{"0":2,"1":2,"2":2,"3":2,"4":2,"5":2,"6":2,"7":2,"8":1,"9":1,"10":1,"11":1,"12":1,"13":1,"14":1,"15":1,"16":2,"17":0,"18":0,"19":0},"f":{"0":2,"1":2,"2":1,"3":1,"4":0,"5":0,"6":0},"b":{"0":[0,1],"1":[1,0]},"_coverageSchema":"1a1c01bbd47fc00a2c39e90264f33305004495a9","hash":"370554ccdea338feb82cd5bad93fd1c8bd68e1b8"}
,"/home/icarito/Proyectos/L/amanda_araujo/SAP010-notes/notes/src/pages/routes/routes.jsx": {"path":"/home/icarito/Proyectos/L/amanda_araujo/SAP010-notes/notes/src/pages/routes/routes.jsx","statementMap":{"0":{"start":{"line":9,"column":23},"end":{"line":9,"column":52}},"1":{"start":{"line":10,"column":4},"end":{"line":10,"column":51}},"2":{"start":{"line":14,"column":4},"end":{"line":36,"column":6}}},"fnMap":{"0":{"name":"PrivateRoute","decl":{"start":{"line":8,"column":9},"end":{"line":8,"column":21}},"loc":{"start":{"line":8,"column":36},"end":{"line":11,"column":1}},"line":8},"1":{"name":"AppRoutes","decl":{"start":{"line":13,"column":24},"end":{"line":13,"column":33}},"loc":{"start":{"line":13,"column":36},"end":{"line":37,"column":1}},"line":13}},"branchMap":{"0":{"loc":{"start":{"line":10,"column":11},"end":{"line":10,"column":50}},"type":"cond-expr","locations":[{"start":{"line":10,"column":20},"end":{"line":10,"column":28}},{"start":{"line":10,"column":31},"end":{"line":10,"column":50}}],"line":10}},"s":{"0":0,"1":0,"2":0},"f":{"0":0,"1":0},"b":{"0":[0,0]}}
}
