TN:
SF:src\pages\components\Modal\Modal.jsx
FN:3,Modal
FN:6,handleClickEdit
FN:10,handleClickDelete
FNF:3
FNH:0
FNDA:0,Modal
FNDA:0,handleClickEdit
FNDA:0,handleClickDelete
DA:4,0
DA:7,0
DA:11,0
DA:12,0
DA:15,0
LF:5
LH:0
BRDA:19,0,0,0
BRDA:19,0,1,0
BRF:2
BRH:0
end_of_record
TN:
SF:src\pages\login\Login.jsx
FN:6,LoginPage
FN:9,(anonymous_1)
FNF:2
FNH:2
FNDA:2,LoginPage
FNDA:1,(anonymous_1)
DA:7,2
DA:9,2
DA:10,1
DA:11,1
DA:14,2
DA:15,2
DA:35,0
LF:7
LH:6
BRDA:14,0,0,2
BRDA:14,0,1,0
BRF:2
BRH:1
end_of_record
