TN:
SF:src\lib\firebase-config.js
FNF:0
FNH:0
DA:5,1
DA:15,1
DA:16,1
DA:17,1
LF:4
LH:4
BRF:0
BRH:0
end_of_record
TN:
SF:src\pages\components\Modal\Modal.jsx
FN:8,Modal
FN:20,editNote
FN:30,handleClickDelete
FN:41,(anonymous_3)
FN:42,(anonymous_4)
FN:47,(anonymous_5)
FN:51,(anonymous_6)
FN:69,(anonymous_7)
FNF:8
FNH:0
FNDA:0,Modal
FNDA:0,editNote
FNDA:0,handleClickDelete
FNDA:0,(anonymous_3)
FNDA:0,(anonymous_4)
FNDA:0,(anonymous_5)
FNDA:0,(anonymous_6)
FNDA:0,(anonymous_7)
DA:16,0
DA:17,0
DA:18,0
DA:21,0
DA:22,0
DA:27,0
DA:31,0
DA:32,0
DA:35,0
DA:41,0
DA:43,0
DA:48,0
DA:52,0
DA:69,0
LF:14
LH:0
BRDA:38,0,0,0
BRDA:38,0,1,0
BRF:2
BRH:0
end_of_record
TN:
SF:src\pages\components\Navbar\Navbar.jsx
FN:3,Navbar
FNF:1
FNH:1
FNDA:3,Navbar
DA:5,3
LF:1
LH:1
BRF:0
BRH:0
end_of_record
TN:
SF:src\pages\home\Home.jsx
FN:16,HomePage
FN:24,(anonymous_1)
FN:25,(anonymous_2)
FN:36,(anonymous_3)
FN:50,deleteNote
FN:52,(anonymous_5)
FN:56,formatTimestamp
FN:75,(anonymous_7)
FN:79,(anonymous_8)
FN:85,(anonymous_9)
FN:96,(anonymous_10)
FN:97,(anonymous_11)
FN:105,(anonymous_12)
FNF:13
FNH:0
FNDA:0,HomePage
FNDA:0,(anonymous_1)
FNDA:0,(anonymous_2)
FNDA:0,(anonymous_3)
FNDA:0,deleteNote
FNDA:0,(anonymous_5)
FNDA:0,formatTimestamp
FNDA:0,(anonymous_7)
FNDA:0,(anonymous_8)
FNDA:0,(anonymous_9)
FNDA:0,(anonymous_10)
FNDA:0,(anonymous_11)
FNDA:0,(anonymous_12)
DA:17,0
DA:18,0
DA:19,0
DA:20,0
DA:21,0
DA:22,0
DA:24,0
DA:25,0
DA:26,0
DA:27,0
DA:28,0
DA:32,0
DA:33,0
DA:34,0
DA:36,0
DA:37,0
DA:38,0
DA:41,0
DA:43,0
DA:45,0
DA:51,0
DA:52,0
DA:53,0
DA:57,0
DA:58,0
DA:59,0
DA:62,0
DA:66,0
DA:69,0
DA:75,0
DA:80,0
DA:86,0
DA:87,0
DA:96,0
DA:97,0
DA:105,0
LF:36
LH:0
BRDA:22,0,0,0
BRDA:22,0,1,0
BRDA:27,1,0,0
BRDA:27,1,1,0
BRDA:33,2,0,0
BRDA:33,2,1,0
BRDA:57,3,0,0
BRDA:57,3,1,0
BRDA:72,4,0,0
BRDA:72,4,1,0
BRDA:92,5,0,0
BRDA:92,5,1,0
BRF:12
BRH:0
end_of_record
TN:
SF:src\pages\notemaker\New-note.jsx
FN:8,NoteMaker
FN:15,(anonymous_1)
FN:20,addNote
FN:31,handleSaveNoteClick
FN:42,(anonymous_4)
FN:46,(anonymous_5)
FN:47,(anonymous_6)
FNF:7
FNH:4
FNDA:2,NoteMaker
FNDA:2,(anonymous_1)
FNDA:1,addNote
FNDA:1,handleSaveNoteClick
FNDA:0,(anonymous_4)
FNDA:0,(anonymous_5)
FNDA:0,(anonymous_6)
DA:9,2
DA:10,2
DA:11,2
DA:12,2
DA:13,2
DA:15,2
DA:16,2
DA:17,2
DA:21,1
DA:22,1
DA:28,1
DA:32,1
DA:33,1
DA:34,1
DA:35,1
DA:36,1
DA:39,2
DA:42,0
DA:46,0
DA:47,0
LF:20
LH:17
BRDA:33,0,0,0
BRDA:33,0,1,1
BRDA:34,1,0,1
BRDA:34,1,1,0
BRF:4
BRH:2
end_of_record
